vim
zsh
openssh
stow
bat
lazygit
plocate
zathura
lf
ueberzugpp
joshuto
kitty
wezterm
cronie
dunst
mako
wofi
nsxiv
ripgrep
autojump
btop
grim
swappy
slurp
xsel
xclip
trash-cli
github-cli
neofetch
fastfetch
ttf-jetbrains-mono-nerd
ttf-firacode-nerd
ttf-fira-code
ttf-jetbrains-mono-nerd
ttf-linux-libertine
ttf-ibm-plex
udiskie
numlockx
ffmpegthumbnailer
vivid
libreoffice
okular
atool
nodejs
npm
mpv
mpc
mpd
cava
pamixer
ncmpcpp
redis
kdenlive
breeze
gimp
scribus
helix
odt2txt
transmission-cli
gnumeric
swappy
swww
swaylock
dolphin
google-chrome
ttf-times-new-roman
rar
qqmusic-bin
obs-studio
pokemon-colorscripts-git
